version: (200506)

available memory: 64M bytes
used memory: 81920 bytes [need 80K bytes if disable swap]

used block: 3 [memory(3) file(0)]
                 [ 8K(2) 64K(1) { total 80K bytes } ]
overhead: (9538) bytes for (3) blocks [Average: (3179) bytes/block]

write  => 0(times) 0K(bytes) [0K bytes to file]
read   => 1(times) 7K(bytes) [1K bytes compressed data from file]
access => 123116(times) 966M(bytes)
          [hit ratio: 99.9992%]

time: write(0) read(0)  unit: second

swap file directory: (/home/yang/Project/paillier/tb/verdiLog)
used swap file number: (1)



swap file manager:
arrSize: (256)
idxCnt: (3)
closeHead: (1)
closeTail: (2)
openCnt: (2)
fid(2): fd(34) fileName(/home/yang/Project/paillier/tb/verdiLog/_swap_0001#8323329#16188)
	size(0) lastModTime(0) curModTime(1715788242)
	mode(w+b)	hot(0) cool(1) pos(0)
fid(1): fd(1073741824) fileName(/home/yang/Project/paillier/tb/simv.daidir/kdb.elab++/work.lib++/fifo_tb.v.tdc)
	size(2672) lastModTime(1715786880) curModTime(1715786880)
	mode(rb)	hot(2) cool(0) pos(0)
fid(0): fd(0) fileName(NULL)
	mode(NULL)	hot(0) cool(0) pos(0)
==================================================
mySelf(0x18d344a0) pre(0x169655a0) next((nil))
version(200506)
date(Apr 25 2022 02:34:42)
